2020/01/26 11:21:47 main.go:11: test
2020/01/26 11:25:01 main.go:11: test
2020/01/26 13:26:37 main.go:11: test
2020/01/26 13:40:21 bitflyer.go:56: action=doRequest endpoint=https://api.bitflyer.com/v1/me/getbalance
2020/01/26 13:40:21 bitflyer.go:32: 1580013621
2020/01/26 13:40:21 bitflyer.go:91: url=me/getbalance resp={"status":-500,"error_message":"Key not found","data":null}
2020/01/26 13:40:21 bitflyer.go:99: action=GetBalance err=json: cannot unmarshal object into Go value of type []bitflyer.Balance
2020/01/26 14:02:17 bitflyer.go:56: action=doRequest endpoint=https://api.bitflyer.com/v1/me/getbalance
2020/01/26 14:02:17 bitflyer.go:32: 1580014937
2020/01/26 14:02:17 bitflyer.go:91: url=me/getbalance resp={"status":-500,"error_message":"Key not found","data":null}
2020/01/26 14:02:17 bitflyer.go:99: action=GetBalance err=json: cannot unmarshal object into Go value of type []bitflyer.Balance
2020/01/26 15:24:49 bitflyer.go:56: action=doRequest endpoint=https://api.bitflyer.com/v1/ticker
2020/01/26 15:24:49 bitflyer.go:32: 1580019889
2020/01/26 15:24:49 bitflyer.go:127: action=DateTime, err=parsing time "2020-01-26T06:24:49.07" as "2006-01-02T15:04:05Z07:00": cannot parse "" as "Z07:00"
2020/01/26 15:24:49 bitflyer.go:127: action=DateTime, err=parsing time "2020-01-26T06:24:49.07" as "2006-01-02T15:04:05Z07:00": cannot parse "" as "Z07:00"
2020/01/26 15:38:14 bitflyer.go:59: action=doRequest endpoint=https://api.bitflyer.com/v1/ticker
2020/01/26 15:38:14 bitflyer.go:35: 1580020694
2020/01/26 15:38:14 bitflyer.go:130: action=DateTime, err=parsing time "2020-01-26T06:38:13.46" as "2006-01-02T15:04:05Z07:00": cannot parse "" as "Z07:00"
2020/01/26 15:38:14 bitflyer.go:130: action=DateTime, err=parsing time "2020-01-26T06:38:13.46" as "2006-01-02T15:04:05Z07:00": cannot parse "" as "Z07:00"
2020/01/27 08:52:31 bitflyer.go:59: action=doRequest endpoint=https://api.bitflyer.com/v1/me/sendchildorder
2020/01/27 08:52:31 bitflyer.go:35: 1580082751
2020/01/27 13:24:55 bitflyer.go:167: connecting to wss://ws.lightstream.bitflyer.com/json-rpc
2020/01/27 13:24:56 streamdata.go:15: action=StreamIngestionData, {BTC_USD 2020-01-27T04:24:56.1596373Z 2056238 8642.6 8651.3 0.1 0.2 69.46736828 88.56448697 8630.5 18.45129417 18.45129417}
2020/01/27 13:24:58 streamdata.go:15: action=StreamIngestionData, {BTC_USD 2020-01-27T04:24:57.8584793Z 2056241 8642.6 8646.8 0.1 0.01 69.46736828 88.37448697 8630.5 18.45129417 18.45129417}
2020/01/27 13:25:02 streamdata.go:15: action=StreamIngestionData, {BTC_USD 2020-01-27T04:25:01.9888067Z 2056243 8642.6 8646.8 0.1 0.01 69.86736828 88.47448697 8630.5 18.45129417 18.45129417}
2020/01/27 13:25:03 streamdata.go:15: action=StreamIngestionData, {BTC_USD 2020-01-27T04:25:03.2131599Z 2056246 8642.6 8646.8 0.1 0.01 69.68198571 88.57448697 8630.5 18.45129417 18.45129417}
2020/01/27 13:25:05 streamdata.go:15: action=StreamIngestionData, {BTC_USD 2020-01-27T04:25:05.5734801Z 2056247 8642.6 8646.8 0.1 0.01 69.69198571 88.57448697 8630.5 18.45129417 18.45129417}
2020/01/27 13:25:07 streamdata.go:15: action=StreamIngestionData, {BTC_USD 2020-01-27T04:25:07.2374869Z 2056248 8642.6 8646.8 0.1 0.01 69.78467292 88.57448697 8630.5 18.45129417 18.45129417}
2020/01/27 13:25:10 streamdata.go:15: action=StreamIngestionData, {BTC_USD 2020-01-27T04:25:10.4348043Z 2056250 8643.8 8646.8 0.01 0.01 69.8873597 88.57448697 8630.5 18.45129417 18.45129417}
2020/01/27 13:25:11 streamdata.go:15: action=StreamIngestionData, {BTC_USD 2020-01-27T04:25:11.4514843Z 2056253 8642.6 8646.8 0.1 0.01 69.8773597 88.28448697 8630.5 18.45129417 18.45129417}
2020/01/27 13:25:16 streamdata.go:15: action=StreamIngestionData, {BTC_USD 2020-01-27T04:25:16.2674202Z 2056256 8642.6 8646.8 0.1 0.01 69.8351679 88.28448697 8630.5 18.45129417 18.45129417}
2020/01/27 13:25:18 streamdata.go:15: action=StreamIngestionData, {BTC_USD 2020-01-27T04:25:18.5668228Z 2056257 8642.6 8646.8 0.1 0.01 69.8351679 88.28448697 8630.5 18.45129417 18.45129417}
2020/01/27 13:25:25 streamdata.go:15: action=StreamIngestionData, {BTC_USD 2020-01-27T04:25:25.7580937Z 2056258 8642.6 8646.8 0.1 0.01 69.92779211 88.28448697 8630.5 18.45129417 18.45129417}
2020/01/27 13:25:29 streamdata.go:15: action=StreamIngestionData, {BTC_USD 2020-01-27T04:25:29.6313818Z 2056259 8643.3 8646.8 0.02 0.01 69.94779211 88.28448697 8630.5 18.45129417 18.45129417}
2020/01/27 13:25:40 streamdata.go:15: action=StreamIngestionData, {BTC_USD 2020-01-27T04:25:40.3774407Z 2056261 8643.3 8646.8 0.02 0.01 69.85517605 88.18448697 8630.5 18.45129417 18.45129417}
